
Gurobi 10.0.1 (win64, gurobi_cl) logging started Fri Jul 26 13:09:43 2024

Set parameter Username
Set parameter LogFile to value "gurobi.log"
Academic license - for non-commercial use only - expires 2025-06-10
Using license file C:\gurobi1001\gurobi.lic

Gurobi 10.0.1 (win64, gurobi_cl) logging started Fri Jul 26 13:38:51 2024

Set parameter Username
Set parameter LogFile to value "gurobi.log"
Academic license - for non-commercial use only - expires 2025-06-10
Using license file C:\gurobi1001\gurobi.lic

Gurobi 10.0.1 (win64, gurobi_cl) logging started Fri Jul 26 13:41:44 2024

Set parameter Username
Set parameter LogFile to value "gurobi.log"
Academic license - for non-commercial use only - expires 2025-06-10
Using license file C:\gurobi1001\gurobi.lic

Gurobi 10.0.1 (win64, gurobi_cl) logging started Fri Jul 26 13:42:23 2024

Set parameter Username
Set parameter LogFile to value "gurobi.log"
Academic license - for non-commercial use only - expires 2025-06-10
Using license file C:\gurobi1001\gurobi.lic

Gurobi 10.0.1 (win64, gurobi_cl) logging started Fri Jul 26 13:43:00 2024

Set parameter Username
Set parameter LogFile to value "gurobi.log"
Academic license - for non-commercial use only - expires 2025-06-10
Using license file C:\gurobi1001\gurobi.lic

Gurobi 10.0.1 (win64, gurobi_cl) logging started Fri Jul 26 13:44:35 2024

Set parameter Username
Set parameter LogFile to value "gurobi.log"
Academic license - for non-commercial use only - expires 2025-06-10
Using license file C:\gurobi1001\gurobi.lic

Gurobi 10.0.1 (win64, gurobi_cl) logging started Fri Jul 26 13:55:10 2024

Set parameter Username
Set parameter LogFile to value "gurobi.log"
Academic license - for non-commercial use only - expires 2025-06-10
Using license file C:\gurobi1001\gurobi.lic

Gurobi 10.0.1 (win64, gurobi_cl) logging started Fri Jul 26 13:57:34 2024

Set parameter Username
Set parameter LogFile to value "gurobi.log"
Academic license - for non-commercial use only - expires 2025-06-10
Using license file C:\gurobi1001\gurobi.lic

Gurobi 10.0.1 (win64, gurobi_cl) logging started Fri Jul 26 14:06:11 2024

Set parameter Username
Set parameter LogFile to value "gurobi.log"
Academic license - for non-commercial use only - expires 2025-06-10
Using license file C:\gurobi1001\gurobi.lic

Gurobi 10.0.1 (win64, gurobi_cl) logging started Fri Jul 26 14:12:22 2024

Set parameter Username
Set parameter LogFile to value "gurobi.log"
Academic license - for non-commercial use only - expires 2025-06-10
Using license file C:\gurobi1001\gurobi.lic

Gurobi 10.0.1 (win64, gurobi_cl) logging started Fri Jul 26 14:38:28 2024

Set parameter Username
Set parameter LogFile to value "gurobi.log"
Academic license - for non-commercial use only - expires 2025-06-10
Using license file C:\gurobi1001\gurobi.lic

Gurobi 10.0.1 (win64, gurobi_cl) logging started Fri Jul 26 14:40:50 2024

Set parameter Username
Set parameter LogFile to value "gurobi.log"
Academic license - for non-commercial use only - expires 2025-06-10
Using license file C:\gurobi1001\gurobi.lic

Gurobi 10.0.1 (win64, gurobi_cl) logging started Fri Jul 26 14:44:26 2024

Set parameter Username
Set parameter LogFile to value "gurobi.log"
Academic license - for non-commercial use only - expires 2025-06-10
Using license file C:\gurobi1001\gurobi.lic

Gurobi 10.0.1 (win64, gurobi_cl) logging started Fri Jul 26 14:49:45 2024

Set parameter Username
Set parameter LogFile to value "gurobi.log"
Academic license - for non-commercial use only - expires 2025-06-10
Using license file C:\gurobi1001\gurobi.lic

Gurobi 10.0.1 (win64, gurobi_cl) logging started Fri Jul 26 14:50:34 2024

Set parameter Username
Set parameter LogFile to value "gurobi.log"
Academic license - for non-commercial use only - expires 2025-06-10
Using license file C:\gurobi1001\gurobi.lic

Gurobi 10.0.1 (win64, gurobi_cl) logging started Fri Jul 26 14:53:42 2024

Set parameter Username
Set parameter LogFile to value "gurobi.log"
Academic license - for non-commercial use only - expires 2025-06-10
Using license file C:\gurobi1001\gurobi.lic

Gurobi 10.0.1 (win64, gurobi_cl) logging started Fri Jul 26 14:54:54 2024

Set parameter Username
Set parameter LogFile to value "gurobi.log"
Academic license - for non-commercial use only - expires 2025-06-10
Using license file C:\gurobi1001\gurobi.lic

Gurobi 10.0.1 (win64, gurobi_cl) logging started Fri Jul 26 14:55:50 2024

Set parameter Username
Set parameter LogFile to value "gurobi.log"
Academic license - for non-commercial use only - expires 2025-06-10
Using license file C:\gurobi1001\gurobi.lic

Gurobi 10.0.1 (win64, gurobi_cl) logging started Fri Jul 26 15:20:10 2024

Set parameter Username
Set parameter LogFile to value "gurobi.log"
Academic license - for non-commercial use only - expires 2025-06-10
Using license file C:\gurobi1001\gurobi.lic

Gurobi 10.0.1 (win64, gurobi_cl) logging started Fri Jul 26 15:20:26 2024

Set parameter Username
Set parameter LogFile to value "gurobi.log"
Academic license - for non-commercial use only - expires 2025-06-10
Using license file C:\gurobi1001\gurobi.lic

Gurobi 10.0.1 (win64, gurobi_cl) logging started Fri Jul 26 15:39:16 2024

Set parameter Username
Set parameter LogFile to value "gurobi.log"
Academic license - for non-commercial use only - expires 2025-06-10
Using license file C:\gurobi1001\gurobi.lic

Gurobi 10.0.1 (win64, gurobi_cl) logging started Fri Jul 26 15:39:30 2024

Set parameter Username
Set parameter LogFile to value "gurobi.log"
Academic license - for non-commercial use only - expires 2025-06-10
Using license file C:\gurobi1001\gurobi.lic

Gurobi 10.0.1 (win64, gurobi_cl) logging started Fri Jul 26 15:50:17 2024

Set parameter Username
Set parameter LogFile to value "gurobi.log"
Academic license - for non-commercial use only - expires 2025-06-10
Using license file C:\gurobi1001\gurobi.lic

Gurobi 10.0.1 (win64, gurobi_cl) logging started Fri Jul 26 15:58:56 2024

Set parameter Username
Set parameter LogFile to value "gurobi.log"
Academic license - for non-commercial use only - expires 2025-06-10
Using license file C:\gurobi1001\gurobi.lic

Gurobi 10.0.1 (win64, gurobi_cl) logging started Fri Jul 26 16:12:16 2024

Set parameter Username
Set parameter LogFile to value "gurobi.log"
Academic license - for non-commercial use only - expires 2025-06-10
Using license file C:\gurobi1001\gurobi.lic

Gurobi 10.0.1 (win64, gurobi_cl) logging started Fri Jul 26 16:13:08 2024

Set parameter Username
Set parameter LogFile to value "gurobi.log"
Academic license - for non-commercial use only - expires 2025-06-10
Using license file C:\gurobi1001\gurobi.lic

Gurobi 10.0.1 (win64, gurobi_cl) logging started Fri Jul 26 16:13:17 2024

Set parameter Username
Set parameter LogFile to value "gurobi.log"
Academic license - for non-commercial use only - expires 2025-06-10
Using license file C:\gurobi1001\gurobi.lic

Gurobi 10.0.1 (win64, gurobi_cl) logging started Fri Jul 26 16:14:57 2024

Set parameter Username
Set parameter LogFile to value "gurobi.log"
Academic license - for non-commercial use only - expires 2025-06-10
Using license file C:\gurobi1001\gurobi.lic

Gurobi 10.0.1 (win64, gurobi_cl) logging started Fri Jul 26 16:15:14 2024

Set parameter Username
Set parameter LogFile to value "gurobi.log"
Academic license - for non-commercial use only - expires 2025-06-10
Using license file C:\gurobi1001\gurobi.lic

Gurobi 10.0.1 (win64, gurobi_cl) logging started Fri Jul 26 16:16:01 2024

Set parameter Username
Set parameter LogFile to value "gurobi.log"
Academic license - for non-commercial use only - expires 2025-06-10
Using license file C:\gurobi1001\gurobi.lic

Gurobi 10.0.1 (win64, gurobi_cl) logging started Fri Jul 26 16:16:07 2024

Set parameter Username
Set parameter LogFile to value "gurobi.log"
Academic license - for non-commercial use only - expires 2025-06-10
Using license file C:\gurobi1001\gurobi.lic

Gurobi 10.0.1 (win64, gurobi_cl) logging started Fri Jul 26 16:33:46 2024

Set parameter Username
Set parameter LogFile to value "gurobi.log"
Academic license - for non-commercial use only - expires 2025-06-10
Using license file C:\gurobi1001\gurobi.lic

Gurobi 10.0.1 (win64, gurobi_cl) logging started Fri Jul 26 16:34:26 2024

Set parameter Username
Set parameter LogFile to value "gurobi.log"
Academic license - for non-commercial use only - expires 2025-06-10
Using license file C:\gurobi1001\gurobi.lic

Gurobi 10.0.1 (win64, gurobi_cl) logging started Fri Jul 26 16:36:16 2024

Set parameter Username
Set parameter LogFile to value "gurobi.log"
Academic license - for non-commercial use only - expires 2025-06-10
Using license file C:\gurobi1001\gurobi.lic

Gurobi 10.0.1 (win64, gurobi_cl) logging started Fri Jul 26 16:41:33 2024

Set parameter Username
Set parameter LogFile to value "gurobi.log"
Academic license - for non-commercial use only - expires 2025-06-10
Using license file C:\gurobi1001\gurobi.lic

Gurobi 10.0.1 (win64, gurobi_cl) logging started Fri Jul 26 16:46:20 2024

Set parameter Username
Set parameter LogFile to value "gurobi.log"
Academic license - for non-commercial use only - expires 2025-06-10
Using license file C:\gurobi1001\gurobi.lic

Gurobi 10.0.1 (win64, gurobi_cl) logging started Fri Jul 26 17:35:09 2024

Set parameter Username
Set parameter LogFile to value "gurobi.log"
Academic license - for non-commercial use only - expires 2025-06-10
Using license file C:\gurobi1001\gurobi.lic

Gurobi 10.0.1 (win64, gurobi_cl) logging started Fri Jul 26 17:37:39 2024

Set parameter Username
Set parameter LogFile to value "gurobi.log"
Academic license - for non-commercial use only - expires 2025-06-10
Using license file C:\gurobi1001\gurobi.lic

Gurobi 10.0.1 (win64, gurobi_cl) logging started Fri Jul 26 17:39:05 2024

Set parameter Username
Set parameter LogFile to value "gurobi.log"
Academic license - for non-commercial use only - expires 2025-06-10
Using license file C:\gurobi1001\gurobi.lic

Gurobi 10.0.1 (win64, gurobi_cl) logging started Mon Jul 29 10:26:27 2024

Set parameter Username
Set parameter LogFile to value "gurobi.log"
Academic license - for non-commercial use only - expires 2025-06-10
Using license file C:\gurobi1001\gurobi.lic

Gurobi 10.0.1 (win64, gurobi_cl) logging started Mon Jul 29 10:29:54 2024

Set parameter Username
Set parameter LogFile to value "gurobi.log"
Academic license - for non-commercial use only - expires 2025-06-10
Using license file C:\gurobi1001\gurobi.lic

Gurobi 10.0.1 (win64, gurobi_cl) logging started Mon Jul 29 10:32:19 2024

Set parameter Username
Set parameter LogFile to value "gurobi.log"
Academic license - for non-commercial use only - expires 2025-06-10
Using license file C:\gurobi1001\gurobi.lic

Gurobi 10.0.1 (win64, gurobi_cl) logging started Mon Jul 29 10:32:39 2024

Set parameter Username
Set parameter LogFile to value "gurobi.log"
Academic license - for non-commercial use only - expires 2025-06-10
Using license file C:\gurobi1001\gurobi.lic

Gurobi 10.0.1 (win64, gurobi_cl) logging started Mon Jul 29 10:38:51 2024

Set parameter Username
Set parameter LogFile to value "gurobi.log"
Academic license - for non-commercial use only - expires 2025-06-10
Using license file C:\gurobi1001\gurobi.lic

Gurobi 10.0.1 (win64, gurobi_cl) logging started Mon Jul 29 10:42:55 2024

Set parameter Username
Set parameter LogFile to value "gurobi.log"
Academic license - for non-commercial use only - expires 2025-06-10
Using license file C:\gurobi1001\gurobi.lic

Gurobi 10.0.1 (win64, gurobi_cl) logging started Mon Jul 29 10:48:19 2024

Set parameter Username
Set parameter LogFile to value "gurobi.log"
Academic license - for non-commercial use only - expires 2025-06-10
Using license file C:\gurobi1001\gurobi.lic

Gurobi 10.0.1 (win64, gurobi_cl) logging started Mon Jul 29 10:49:34 2024

Set parameter Username
Set parameter LogFile to value "gurobi.log"
Academic license - for non-commercial use only - expires 2025-06-10
Using license file C:\gurobi1001\gurobi.lic

Gurobi 10.0.1 (win64, gurobi_cl) logging started Mon Jul 29 11:10:19 2024

Set parameter Username
Set parameter LogFile to value "gurobi.log"
Academic license - for non-commercial use only - expires 2025-06-10
Using license file C:\gurobi1001\gurobi.lic

Gurobi 10.0.1 (win64, gurobi_cl) logging started Mon Jul 29 11:12:12 2024

Set parameter Username
Set parameter LogFile to value "gurobi.log"
Academic license - for non-commercial use only - expires 2025-06-10
Using license file C:\gurobi1001\gurobi.lic

Gurobi 10.0.1 (win64, gurobi_cl) logging started Mon Jul 29 11:35:20 2024

Set parameter Username
Set parameter LogFile to value "gurobi.log"
Academic license - for non-commercial use only - expires 2025-06-10
Using license file C:\gurobi1001\gurobi.lic

Gurobi 10.0.1 (win64, gurobi_cl) logging started Mon Jul 29 11:35:44 2024

Set parameter Username
Set parameter LogFile to value "gurobi.log"
Academic license - for non-commercial use only - expires 2025-06-10
Using license file C:\gurobi1001\gurobi.lic

Gurobi 10.0.1 (win64, gurobi_cl) logging started Mon Jul 29 11:36:04 2024

Set parameter Username
Set parameter LogFile to value "gurobi.log"
Academic license - for non-commercial use only - expires 2025-06-10
Using license file C:\gurobi1001\gurobi.lic

Gurobi 10.0.1 (win64, gurobi_cl) logging started Mon Jul 29 11:43:04 2024

Set parameter Username
Set parameter LogFile to value "gurobi.log"
Academic license - for non-commercial use only - expires 2025-06-10
Using license file C:\gurobi1001\gurobi.lic

Gurobi 10.0.1 (win64, gurobi_cl) logging started Mon Jul 29 13:08:45 2024

Set parameter Username
Set parameter LogFile to value "gurobi.log"
Academic license - for non-commercial use only - expires 2025-06-10
Using license file C:\gurobi1001\gurobi.lic

Gurobi 10.0.1 (win64, gurobi_cl) logging started Mon Jul 29 13:09:35 2024

Set parameter Username
Set parameter LogFile to value "gurobi.log"
Academic license - for non-commercial use only - expires 2025-06-10
Using license file C:\gurobi1001\gurobi.lic

Gurobi 10.0.1 (win64, gurobi_cl) logging started Mon Jul 29 13:32:33 2024

Set parameter Username
Set parameter LogFile to value "gurobi.log"
Academic license - for non-commercial use only - expires 2025-06-10
Using license file C:\gurobi1001\gurobi.lic

Gurobi 10.0.1 (win64, gurobi_cl) logging started Mon Jul 29 13:32:47 2024

Set parameter Username
Set parameter LogFile to value "gurobi.log"
Academic license - for non-commercial use only - expires 2025-06-10
Using license file C:\gurobi1001\gurobi.lic

Gurobi 10.0.1 (win64, gurobi_cl) logging started Mon Jul 29 13:33:38 2024

Set parameter Username
Set parameter LogFile to value "gurobi.log"
Academic license - for non-commercial use only - expires 2025-06-10
Using license file C:\gurobi1001\gurobi.lic

Gurobi 10.0.1 (win64, gurobi_cl) logging started Mon Jul 29 13:33:54 2024

Set parameter Username
Set parameter LogFile to value "gurobi.log"
Academic license - for non-commercial use only - expires 2025-06-10
Using license file C:\gurobi1001\gurobi.lic

Gurobi 10.0.1 (win64, gurobi_cl) logging started Mon Jul 29 13:39:10 2024

Set parameter Username
Set parameter LogFile to value "gurobi.log"
Academic license - for non-commercial use only - expires 2025-06-10
Using license file C:\gurobi1001\gurobi.lic

Gurobi 10.0.1 (win64, gurobi_cl) logging started Mon Jul 29 13:46:34 2024

Set parameter Username
Set parameter LogFile to value "gurobi.log"
Academic license - for non-commercial use only - expires 2025-06-10
Using license file C:\gurobi1001\gurobi.lic

Gurobi 10.0.1 (win64, gurobi_cl) logging started Mon Jul 29 13:46:48 2024

Set parameter Username
Set parameter LogFile to value "gurobi.log"
Academic license - for non-commercial use only - expires 2025-06-10
Using license file C:\gurobi1001\gurobi.lic

Gurobi 10.0.1 (win64, gurobi_cl) logging started Mon Jul 29 14:05:41 2024

Set parameter Username
Set parameter LogFile to value "gurobi.log"
Academic license - for non-commercial use only - expires 2025-06-10
Using license file C:\gurobi1001\gurobi.lic

Gurobi 10.0.1 (win64, gurobi_cl) logging started Mon Jul 29 14:06:35 2024

Set parameter Username
Set parameter LogFile to value "gurobi.log"
Academic license - for non-commercial use only - expires 2025-06-10
Using license file C:\gurobi1001\gurobi.lic

Gurobi 10.0.1 (win64, gurobi_cl) logging started Mon Jul 29 14:28:43 2024

Set parameter Username
Set parameter LogFile to value "gurobi.log"
Academic license - for non-commercial use only - expires 2025-06-10
Using license file C:\gurobi1001\gurobi.lic

Gurobi 10.0.1 (win64, gurobi_cl) logging started Mon Jul 29 14:28:50 2024

Set parameter Username
Set parameter LogFile to value "gurobi.log"
Academic license - for non-commercial use only - expires 2025-06-10
Using license file C:\gurobi1001\gurobi.lic

Gurobi 10.0.1 (win64, gurobi_cl) logging started Mon Jul 29 14:28:58 2024

Set parameter Username
Set parameter LogFile to value "gurobi.log"
Academic license - for non-commercial use only - expires 2025-06-10
Using license file C:\gurobi1001\gurobi.lic

Gurobi 10.0.1 (win64, gurobi_cl) logging started Mon Jul 29 15:59:23 2024

Set parameter Username
Set parameter LogFile to value "gurobi.log"
Academic license - for non-commercial use only - expires 2025-06-10
Using license file C:\gurobi1001\gurobi.lic

Gurobi 10.0.1 (win64, gurobi_cl) logging started Mon Jul 29 16:00:01 2024

Set parameter Username
Set parameter LogFile to value "gurobi.log"
Academic license - for non-commercial use only - expires 2025-06-10
Using license file C:\gurobi1001\gurobi.lic

Gurobi 10.0.1 (win64, gurobi_cl) logging started Mon Jul 29 16:00:58 2024

Set parameter Username
Set parameter LogFile to value "gurobi.log"
Academic license - for non-commercial use only - expires 2025-06-10
Using license file C:\gurobi1001\gurobi.lic

Gurobi 10.0.1 (win64, gurobi_cl) logging started Mon Jul 29 16:03:26 2024

Set parameter Username
Set parameter LogFile to value "gurobi.log"
Academic license - for non-commercial use only - expires 2025-06-10
Using license file C:\gurobi1001\gurobi.lic

Gurobi 10.0.1 (win64, gurobi_cl) logging started Mon Jul 29 16:03:38 2024

Set parameter Username
Set parameter LogFile to value "gurobi.log"
Academic license - for non-commercial use only - expires 2025-06-10
Using license file C:\gurobi1001\gurobi.lic

Gurobi 10.0.1 (win64, gurobi_cl) logging started Mon Jul 29 16:30:24 2024

Set parameter Username
Set parameter LogFile to value "gurobi.log"
Academic license - for non-commercial use only - expires 2025-06-10
Using license file C:\gurobi1001\gurobi.lic

Gurobi 10.0.1 (win64, gurobi_cl) logging started Mon Jul 29 16:33:35 2024

Set parameter Username
Set parameter LogFile to value "gurobi.log"
Academic license - for non-commercial use only - expires 2025-06-10
Using license file C:\gurobi1001\gurobi.lic

Gurobi 10.0.1 (win64, gurobi_cl) logging started Mon Jul 29 16:40:38 2024

Set parameter Username
Set parameter LogFile to value "gurobi.log"
Academic license - for non-commercial use only - expires 2025-06-10
Using license file C:\gurobi1001\gurobi.lic

Gurobi 10.0.1 (win64, gurobi_cl) logging started Mon Jul 29 16:44:54 2024

Set parameter Username
Set parameter LogFile to value "gurobi.log"
Academic license - for non-commercial use only - expires 2025-06-10
Using license file C:\gurobi1001\gurobi.lic

Gurobi 10.0.1 (win64, gurobi_cl) logging started Mon Jul 29 16:45:18 2024

Set parameter Username
Set parameter LogFile to value "gurobi.log"
Academic license - for non-commercial use only - expires 2025-06-10
Using license file C:\gurobi1001\gurobi.lic

Gurobi 10.0.1 (win64, gurobi_cl) logging started Mon Jul 29 16:45:34 2024

Set parameter Username
Set parameter LogFile to value "gurobi.log"
Academic license - for non-commercial use only - expires 2025-06-10
Using license file C:\gurobi1001\gurobi.lic

Gurobi 10.0.1 (win64, gurobi_cl) logging started Tue Jul 30 09:18:51 2024

Set parameter Username
Set parameter LogFile to value "gurobi.log"
Academic license - for non-commercial use only - expires 2025-06-10
Using license file C:\gurobi1001\gurobi.lic

Gurobi 10.0.1 (win64, gurobi_cl) logging started Tue Jul 30 10:03:29 2024

Set parameter Username
Set parameter LogFile to value "gurobi.log"
Academic license - for non-commercial use only - expires 2025-06-10
Using license file C:\gurobi1001\gurobi.lic

Gurobi 10.0.1 (win64, gurobi_cl) logging started Tue Jul 30 10:05:21 2024

Set parameter Username
Set parameter LogFile to value "gurobi.log"
Academic license - for non-commercial use only - expires 2025-06-10
Using license file C:\gurobi1001\gurobi.lic

Gurobi 10.0.1 (win64, gurobi_cl) logging started Tue Jul 30 10:06:00 2024

Set parameter Username
Set parameter LogFile to value "gurobi.log"
Academic license - for non-commercial use only - expires 2025-06-10
Using license file C:\gurobi1001\gurobi.lic

Gurobi 10.0.1 (win64, gurobi_cl) logging started Tue Jul 30 10:07:42 2024

Set parameter Username
Set parameter LogFile to value "gurobi.log"
Academic license - for non-commercial use only - expires 2025-06-10
Using license file C:\gurobi1001\gurobi.lic

Gurobi 10.0.1 (win64, gurobi_cl) logging started Tue Jul 30 10:15:07 2024

Set parameter Username
Set parameter LogFile to value "gurobi.log"
Academic license - for non-commercial use only - expires 2025-06-10
Using license file C:\gurobi1001\gurobi.lic

Gurobi 10.0.1 (win64, gurobi_cl) logging started Tue Jul 30 10:20:46 2024

Set parameter Username
Set parameter LogFile to value "gurobi.log"
Academic license - for non-commercial use only - expires 2025-06-10
Using license file C:\gurobi1001\gurobi.lic

Gurobi 10.0.1 (win64, gurobi_cl) logging started Tue Jul 30 10:23:22 2024

Set parameter Username
Set parameter LogFile to value "gurobi.log"
Academic license - for non-commercial use only - expires 2025-06-10
Using license file C:\gurobi1001\gurobi.lic

Gurobi 10.0.1 (win64, gurobi_cl) logging started Tue Jul 30 10:26:54 2024

Set parameter Username
Set parameter LogFile to value "gurobi.log"
Academic license - for non-commercial use only - expires 2025-06-10
Using license file C:\gurobi1001\gurobi.lic

Gurobi 10.0.1 (win64, gurobi_cl) logging started Tue Jul 30 10:35:23 2024

Set parameter Username
Set parameter LogFile to value "gurobi.log"
Academic license - for non-commercial use only - expires 2025-06-10
Using license file C:\gurobi1001\gurobi.lic

Gurobi 10.0.1 (win64, gurobi_cl) logging started Tue Jul 30 10:35:40 2024

Set parameter Username
Set parameter LogFile to value "gurobi.log"
Academic license - for non-commercial use only - expires 2025-06-10
Using license file C:\gurobi1001\gurobi.lic

Gurobi 10.0.1 (win64, gurobi_cl) logging started Tue Jul 30 10:35:47 2024

Set parameter Username
Set parameter LogFile to value "gurobi.log"
Academic license - for non-commercial use only - expires 2025-06-10
Using license file C:\gurobi1001\gurobi.lic

Gurobi 10.0.1 (win64, gurobi_cl) logging started Tue Jul 30 10:43:44 2024

Set parameter Username
Set parameter LogFile to value "gurobi.log"
Academic license - for non-commercial use only - expires 2025-06-10
Using license file C:\gurobi1001\gurobi.lic

Gurobi 10.0.1 (win64, gurobi_cl) logging started Tue Jul 30 10:45:27 2024

Set parameter Username
Set parameter LogFile to value "gurobi.log"
Academic license - for non-commercial use only - expires 2025-06-10
Using license file C:\gurobi1001\gurobi.lic

Gurobi 10.0.1 (win64, gurobi_cl) logging started Tue Jul 30 11:00:41 2024

Set parameter Username
Set parameter LogFile to value "gurobi.log"
Academic license - for non-commercial use only - expires 2025-06-10
Using license file C:\gurobi1001\gurobi.lic

Gurobi 10.0.1 (win64, gurobi_cl) logging started Tue Jul 30 11:04:22 2024

Set parameter Username
Set parameter LogFile to value "gurobi.log"
Academic license - for non-commercial use only - expires 2025-06-10
Using license file C:\gurobi1001\gurobi.lic

Gurobi 10.0.1 (win64, gurobi_cl) logging started Tue Jul 30 11:05:25 2024

Set parameter Username
Set parameter LogFile to value "gurobi.log"
Academic license - for non-commercial use only - expires 2025-06-10
Using license file C:\gurobi1001\gurobi.lic

Gurobi 10.0.1 (win64, gurobi_cl) logging started Tue Jul 30 11:07:22 2024

Set parameter Username
Set parameter LogFile to value "gurobi.log"
Academic license - for non-commercial use only - expires 2025-06-10
Using license file C:\gurobi1001\gurobi.lic

Gurobi 10.0.1 (win64, gurobi_cl) logging started Tue Jul 30 11:07:29 2024

Set parameter Username
Set parameter LogFile to value "gurobi.log"
Academic license - for non-commercial use only - expires 2025-06-10
Using license file C:\gurobi1001\gurobi.lic

Gurobi 10.0.1 (win64, gurobi_cl) logging started Tue Jul 30 12:05:43 2024

Set parameter Username
Set parameter LogFile to value "gurobi.log"
Academic license - for non-commercial use only - expires 2025-06-10
Using license file C:\gurobi1001\gurobi.lic

Gurobi 10.0.1 (win64, gurobi_cl) logging started Tue Jul 30 12:07:02 2024

Set parameter Username
Set parameter LogFile to value "gurobi.log"
Academic license - for non-commercial use only - expires 2025-06-10
Using license file C:\gurobi1001\gurobi.lic

Gurobi 10.0.1 (win64, gurobi_cl) logging started Tue Jul 30 12:07:11 2024

Set parameter Username
Set parameter LogFile to value "gurobi.log"
Academic license - for non-commercial use only - expires 2025-06-10
Using license file C:\gurobi1001\gurobi.lic

Gurobi 10.0.1 (win64, gurobi_cl) logging started Tue Jul 30 12:48:19 2024

Set parameter Username
Set parameter LogFile to value "gurobi.log"
Academic license - for non-commercial use only - expires 2025-06-10
Using license file C:\gurobi1001\gurobi.lic

Gurobi 10.0.1 (win64, gurobi_cl) logging started Tue Jul 30 12:48:30 2024

Set parameter Username
Set parameter LogFile to value "gurobi.log"
Academic license - for non-commercial use only - expires 2025-06-10
Using license file C:\gurobi1001\gurobi.lic

Gurobi 10.0.1 (win64, gurobi_cl) logging started Tue Jul 30 12:53:30 2024

Set parameter Username
Set parameter LogFile to value "gurobi.log"
Academic license - for non-commercial use only - expires 2025-06-10
Using license file C:\gurobi1001\gurobi.lic

Gurobi 10.0.1 (win64, gurobi_cl) logging started Tue Jul 30 12:53:40 2024

Set parameter Username
Set parameter LogFile to value "gurobi.log"
Academic license - for non-commercial use only - expires 2025-06-10
Using license file C:\gurobi1001\gurobi.lic

Gurobi 10.0.1 (win64, gurobi_cl) logging started Tue Jul 30 12:58:46 2024

Set parameter Username
Set parameter LogFile to value "gurobi.log"
Academic license - for non-commercial use only - expires 2025-06-10
Using license file C:\gurobi1001\gurobi.lic

Gurobi 10.0.1 (win64, gurobi_cl) logging started Tue Jul 30 12:58:54 2024

Set parameter Username
Set parameter LogFile to value "gurobi.log"
Academic license - for non-commercial use only - expires 2025-06-10
Using license file C:\gurobi1001\gurobi.lic

Gurobi 10.0.1 (win64, gurobi_cl) logging started Tue Jul 30 12:59:52 2024

Set parameter Username
Set parameter LogFile to value "gurobi.log"
Academic license - for non-commercial use only - expires 2025-06-10
Using license file C:\gurobi1001\gurobi.lic

Gurobi 10.0.1 (win64, gurobi_cl) logging started Tue Jul 30 13:08:11 2024

Set parameter Username
Set parameter LogFile to value "gurobi.log"
Academic license - for non-commercial use only - expires 2025-06-10
Using license file C:\gurobi1001\gurobi.lic

Gurobi 10.0.1 (win64, gurobi_cl) logging started Tue Jul 30 13:09:47 2024

Set parameter Username
Set parameter LogFile to value "gurobi.log"
Academic license - for non-commercial use only - expires 2025-06-10
Using license file C:\gurobi1001\gurobi.lic

Gurobi 10.0.1 (win64, gurobi_cl) logging started Tue Jul 30 13:10:48 2024

Set parameter Username
Set parameter LogFile to value "gurobi.log"
Academic license - for non-commercial use only - expires 2025-06-10
Using license file C:\gurobi1001\gurobi.lic

Gurobi 10.0.1 (win64, gurobi_cl) logging started Tue Jul 30 13:11:31 2024

Set parameter Username
Set parameter LogFile to value "gurobi.log"
Academic license - for non-commercial use only - expires 2025-06-10
Using license file C:\gurobi1001\gurobi.lic

Gurobi 10.0.1 (win64, gurobi_cl) logging started Tue Jul 30 13:26:08 2024

Set parameter Username
Set parameter LogFile to value "gurobi.log"
Academic license - for non-commercial use only - expires 2025-06-10
Using license file C:\gurobi1001\gurobi.lic

Gurobi 10.0.1 (win64, gurobi_cl) logging started Tue Jul 30 13:27:11 2024

Set parameter Username
Set parameter LogFile to value "gurobi.log"
Academic license - for non-commercial use only - expires 2025-06-10
Using license file C:\gurobi1001\gurobi.lic

Gurobi 10.0.1 (win64, gurobi_cl) logging started Tue Jul 30 13:27:22 2024

Set parameter Username
Set parameter LogFile to value "gurobi.log"
Academic license - for non-commercial use only - expires 2025-06-10
Using license file C:\gurobi1001\gurobi.lic

Gurobi 10.0.1 (win64, gurobi_cl) logging started Tue Jul 30 13:27:45 2024

Set parameter Username
Set parameter LogFile to value "gurobi.log"
Academic license - for non-commercial use only - expires 2025-06-10
Using license file C:\gurobi1001\gurobi.lic

Gurobi 10.0.1 (win64, gurobi_cl) logging started Tue Jul 30 13:55:27 2024

Set parameter Username
Set parameter LogFile to value "gurobi.log"
Academic license - for non-commercial use only - expires 2025-06-10
Using license file C:\gurobi1001\gurobi.lic

Gurobi 10.0.1 (win64, gurobi_cl) logging started Tue Jul 30 14:14:17 2024

Set parameter Username
Set parameter LogFile to value "gurobi.log"
Academic license - for non-commercial use only - expires 2025-06-10
Using license file C:\gurobi1001\gurobi.lic

Gurobi 10.0.1 (win64, gurobi_cl) logging started Tue Jul 30 14:14:51 2024

Set parameter Username
Set parameter LogFile to value "gurobi.log"
Academic license - for non-commercial use only - expires 2025-06-10
Using license file C:\gurobi1001\gurobi.lic

Gurobi 10.0.1 (win64, gurobi_cl) logging started Tue Jul 30 14:15:05 2024

Set parameter Username
Set parameter LogFile to value "gurobi.log"
Academic license - for non-commercial use only - expires 2025-06-10
Using license file C:\gurobi1001\gurobi.lic

Gurobi 10.0.1 (win64, gurobi_cl) logging started Tue Jul 30 14:26:25 2024

Set parameter Username
Set parameter LogFile to value "gurobi.log"
Academic license - for non-commercial use only - expires 2025-06-10
Using license file C:\gurobi1001\gurobi.lic

Gurobi 10.0.1 (win64, gurobi_cl) logging started Tue Jul 30 16:30:46 2024

Set parameter Username
Set parameter LogFile to value "gurobi.log"
Academic license - for non-commercial use only - expires 2025-06-10
Using license file C:\gurobi1001\gurobi.lic

Gurobi 10.0.1 (win64, gurobi_cl) logging started Tue Jul 30 16:31:35 2024

Set parameter Username
Set parameter LogFile to value "gurobi.log"
Academic license - for non-commercial use only - expires 2025-06-10
Using license file C:\gurobi1001\gurobi.lic

Gurobi 10.0.1 (win64, gurobi_cl) logging started Tue Jul 30 16:32:10 2024

Set parameter Username
Set parameter LogFile to value "gurobi.log"
Academic license - for non-commercial use only - expires 2025-06-10
Using license file C:\gurobi1001\gurobi.lic

Gurobi 10.0.1 (win64, gurobi_cl) logging started Tue Jul 30 16:33:01 2024

Set parameter Username
Set parameter LogFile to value "gurobi.log"
Academic license - for non-commercial use only - expires 2025-06-10
Using license file C:\gurobi1001\gurobi.lic

Gurobi 10.0.1 (win64, gurobi_cl) logging started Tue Jul 30 16:34:50 2024

Set parameter Username
Set parameter LogFile to value "gurobi.log"
Academic license - for non-commercial use only - expires 2025-06-10
Using license file C:\gurobi1001\gurobi.lic

Gurobi 10.0.1 (win64, gurobi_cl) logging started Tue Jul 30 16:38:57 2024

Set parameter Username
Set parameter LogFile to value "gurobi.log"
Academic license - for non-commercial use only - expires 2025-06-10
Using license file C:\gurobi1001\gurobi.lic

Gurobi 10.0.1 (win64, gurobi_cl) logging started Tue Jul 30 16:50:08 2024

Set parameter Username
Set parameter LogFile to value "gurobi.log"
Academic license - for non-commercial use only - expires 2025-06-10
Using license file C:\gurobi1001\gurobi.lic

Gurobi 10.0.1 (win64, gurobi_cl) logging started Tue Jul 30 16:57:09 2024

Set parameter Username
Set parameter LogFile to value "gurobi.log"
Academic license - for non-commercial use only - expires 2025-06-10
Using license file C:\gurobi1001\gurobi.lic

Gurobi 10.0.1 (win64, gurobi_cl) logging started Wed Jul 31 18:23:40 2024

Set parameter Username
Set parameter LogFile to value "gurobi.log"
Academic license - for non-commercial use only - expires 2025-06-10
Using license file C:\gurobi1001\gurobi.lic

Gurobi 10.0.1 (win64, gurobi_cl) logging started Wed Jul 31 18:29:09 2024

Set parameter Username
Set parameter LogFile to value "gurobi.log"
Academic license - for non-commercial use only - expires 2025-06-10
Using license file C:\gurobi1001\gurobi.lic

Gurobi 10.0.1 (win64, gurobi_cl) logging started Wed Jul 31 18:31:07 2024

Set parameter Username
Set parameter LogFile to value "gurobi.log"
Academic license - for non-commercial use only - expires 2025-06-10
Using license file C:\gurobi1001\gurobi.lic

Gurobi 10.0.1 (win64, gurobi_cl) logging started Wed Jul 31 18:34:02 2024

Set parameter Username
Set parameter LogFile to value "gurobi.log"
Academic license - for non-commercial use only - expires 2025-06-10
Using license file C:\gurobi1001\gurobi.lic

Gurobi 10.0.1 (win64, gurobi_cl) logging started Wed Jul 31 18:42:43 2024

Set parameter Username
Set parameter LogFile to value "gurobi.log"
Academic license - for non-commercial use only - expires 2025-06-10
Using license file C:\gurobi1001\gurobi.lic

Gurobi 10.0.1 (win64, gurobi_cl) logging started Wed Jul 31 18:42:55 2024

Set parameter Username
Set parameter LogFile to value "gurobi.log"
Academic license - for non-commercial use only - expires 2025-06-10
Using license file C:\gurobi1001\gurobi.lic

Gurobi 10.0.1 (win64, gurobi_cl) logging started Wed Jul 31 18:48:49 2024

Set parameter Username
Set parameter LogFile to value "gurobi.log"
Academic license - for non-commercial use only - expires 2025-06-10
Using license file C:\gurobi1001\gurobi.lic

Gurobi 10.0.1 (win64, gurobi_cl) logging started Wed Jul 31 18:49:31 2024

Set parameter Username
Set parameter LogFile to value "gurobi.log"
Academic license - for non-commercial use only - expires 2025-06-10
Using license file C:\gurobi1001\gurobi.lic

Gurobi 10.0.1 (win64, gurobi_cl) logging started Wed Jul 31 19:08:40 2024

Set parameter Username
Set parameter LogFile to value "gurobi.log"
Academic license - for non-commercial use only - expires 2025-06-10
Using license file C:\gurobi1001\gurobi.lic

Gurobi 10.0.1 (win64, gurobi_cl) logging started Thu Aug  1 10:04:56 2024

Set parameter Username
Set parameter LogFile to value "gurobi.log"
Academic license - for non-commercial use only - expires 2025-06-10
Using license file C:\gurobi1001\gurobi.lic

Gurobi 10.0.1 (win64, gurobi_cl) logging started Thu Aug  1 10:25:52 2024

Set parameter Username
Set parameter LogFile to value "gurobi.log"
Academic license - for non-commercial use only - expires 2025-06-10
Using license file C:\gurobi1001\gurobi.lic

Gurobi 10.0.1 (win64, gurobi_cl) logging started Thu Aug  1 10:37:55 2024

Set parameter Username
Set parameter LogFile to value "gurobi.log"
Academic license - for non-commercial use only - expires 2025-06-10
Using license file C:\gurobi1001\gurobi.lic

Gurobi 10.0.1 (win64, gurobi_cl) logging started Thu Aug  1 10:55:22 2024

Set parameter Username
Set parameter LogFile to value "gurobi.log"
Academic license - for non-commercial use only - expires 2025-06-10
Using license file C:\gurobi1001\gurobi.lic

Gurobi 10.0.1 (win64, gurobi_cl) logging started Thu Aug  1 10:55:27 2024

Set parameter Username
Set parameter LogFile to value "gurobi.log"
Academic license - for non-commercial use only - expires 2025-06-10
Using license file C:\gurobi1001\gurobi.lic

Gurobi 10.0.1 (win64, gurobi_cl) logging started Thu Aug  1 10:55:46 2024

Set parameter Username
Set parameter LogFile to value "gurobi.log"
Academic license - for non-commercial use only - expires 2025-06-10
Using license file C:\gurobi1001\gurobi.lic

Gurobi 10.0.1 (win64, gurobi_cl) logging started Thu Aug  1 10:58:54 2024

Set parameter Username
Set parameter LogFile to value "gurobi.log"
Academic license - for non-commercial use only - expires 2025-06-10
Using license file C:\gurobi1001\gurobi.lic

Gurobi 10.0.1 (win64, gurobi_cl) logging started Thu Aug  1 11:01:07 2024

Set parameter Username
Set parameter LogFile to value "gurobi.log"
Academic license - for non-commercial use only - expires 2025-06-10
Using license file C:\gurobi1001\gurobi.lic

Gurobi 10.0.1 (win64, gurobi_cl) logging started Thu Aug  1 11:01:18 2024

Set parameter Username
Set parameter LogFile to value "gurobi.log"
Academic license - for non-commercial use only - expires 2025-06-10
Using license file C:\gurobi1001\gurobi.lic

Gurobi 10.0.1 (win64, gurobi_cl) logging started Thu Aug  1 11:03:50 2024

Set parameter Username
Set parameter LogFile to value "gurobi.log"
Academic license - for non-commercial use only - expires 2025-06-10
Using license file C:\gurobi1001\gurobi.lic

Gurobi 10.0.1 (win64, gurobi_cl) logging started Thu Aug  1 11:03:57 2024

Set parameter Username
Set parameter LogFile to value "gurobi.log"
Academic license - for non-commercial use only - expires 2025-06-10
Using license file C:\gurobi1001\gurobi.lic

Gurobi 10.0.1 (win64, gurobi_cl) logging started Thu Aug  1 11:06:55 2024

Set parameter Username
Set parameter LogFile to value "gurobi.log"
Academic license - for non-commercial use only - expires 2025-06-10
Using license file C:\gurobi1001\gurobi.lic

Gurobi 10.0.1 (win64, gurobi_cl) logging started Thu Aug  1 11:22:03 2024

Set parameter Username
Set parameter LogFile to value "gurobi.log"
Academic license - for non-commercial use only - expires 2025-06-10
Using license file C:\gurobi1001\gurobi.lic

Gurobi 10.0.1 (win64, gurobi_cl) logging started Thu Aug  1 11:22:31 2024

Set parameter Username
Set parameter LogFile to value "gurobi.log"
Academic license - for non-commercial use only - expires 2025-06-10
Using license file C:\gurobi1001\gurobi.lic

Gurobi 10.0.1 (win64, gurobi_cl) logging started Thu Aug  1 11:29:53 2024

Set parameter Username
Set parameter LogFile to value "gurobi.log"
Academic license - for non-commercial use only - expires 2025-06-10
Using license file C:\gurobi1001\gurobi.lic

Gurobi 10.0.1 (win64, gurobi_cl) logging started Thu Aug  1 11:30:02 2024

Set parameter Username
Set parameter LogFile to value "gurobi.log"
Academic license - for non-commercial use only - expires 2025-06-10
Using license file C:\gurobi1001\gurobi.lic

Gurobi 10.0.1 (win64, gurobi_cl) logging started Thu Aug  1 13:24:51 2024

Set parameter Username
Set parameter LogFile to value "gurobi.log"
Academic license - for non-commercial use only - expires 2025-06-10
Using license file C:\gurobi1001\gurobi.lic

Gurobi 10.0.1 (win64, gurobi_cl) logging started Thu Aug  1 13:26:36 2024

Set parameter Username
Set parameter LogFile to value "gurobi.log"
Academic license - for non-commercial use only - expires 2025-06-10
Using license file C:\gurobi1001\gurobi.lic

Gurobi 10.0.1 (win64, gurobi_cl) logging started Thu Aug  1 13:26:47 2024

Set parameter Username
Set parameter LogFile to value "gurobi.log"
Academic license - for non-commercial use only - expires 2025-06-10
Using license file C:\gurobi1001\gurobi.lic

Gurobi 10.0.1 (win64, gurobi_cl) logging started Thu Aug  1 13:37:10 2024

Set parameter Username
Set parameter LogFile to value "gurobi.log"
Academic license - for non-commercial use only - expires 2025-06-10
Using license file C:\gurobi1001\gurobi.lic

Gurobi 10.0.1 (win64, gurobi_cl) logging started Thu Aug  1 13:40:40 2024

Set parameter Username
Set parameter LogFile to value "gurobi.log"
Academic license - for non-commercial use only - expires 2025-06-10
Using license file C:\gurobi1001\gurobi.lic

Gurobi 10.0.1 (win64, gurobi_cl) logging started Thu Aug  1 13:47:18 2024

Set parameter Username
Set parameter LogFile to value "gurobi.log"
Academic license - for non-commercial use only - expires 2025-06-10
Using license file C:\gurobi1001\gurobi.lic

Gurobi 10.0.1 (win64, gurobi_cl) logging started Thu Aug  1 13:52:16 2024

Set parameter Username
Set parameter LogFile to value "gurobi.log"
Academic license - for non-commercial use only - expires 2025-06-10
Using license file C:\gurobi1001\gurobi.lic

Gurobi 10.0.1 (win64, gurobi_cl) logging started Thu Aug  1 14:13:39 2024

Set parameter Username
Set parameter LogFile to value "gurobi.log"
Academic license - for non-commercial use only - expires 2025-06-10
Using license file C:\gurobi1001\gurobi.lic

Gurobi 10.0.1 (win64, gurobi_cl) logging started Thu Aug  1 14:14:39 2024

Set parameter Username
Set parameter LogFile to value "gurobi.log"
Academic license - for non-commercial use only - expires 2025-06-10
Using license file C:\gurobi1001\gurobi.lic

Gurobi 10.0.1 (win64, gurobi_cl) logging started Thu Aug  1 14:32:21 2024

Set parameter Username
Set parameter LogFile to value "gurobi.log"
Academic license - for non-commercial use only - expires 2025-06-10
Using license file C:\gurobi1001\gurobi.lic

Gurobi 10.0.1 (win64, gurobi_cl) logging started Thu Aug  1 14:34:46 2024

Set parameter Username
Set parameter LogFile to value "gurobi.log"
Academic license - for non-commercial use only - expires 2025-06-10
Using license file C:\gurobi1001\gurobi.lic

Gurobi 10.0.1 (win64, gurobi_cl) logging started Thu Aug  1 14:36:06 2024

Set parameter Username
Set parameter LogFile to value "gurobi.log"
Academic license - for non-commercial use only - expires 2025-06-10
Using license file C:\gurobi1001\gurobi.lic

Gurobi 10.0.1 (win64, gurobi_cl) logging started Thu Aug  1 14:57:10 2024

Set parameter Username
Set parameter LogFile to value "gurobi.log"
Academic license - for non-commercial use only - expires 2025-06-10
Using license file C:\gurobi1001\gurobi.lic

Gurobi 10.0.1 (win64, gurobi_cl) logging started Thu Aug  1 15:00:09 2024

Set parameter Username
Set parameter LogFile to value "gurobi.log"
Academic license - for non-commercial use only - expires 2025-06-10
Using license file C:\gurobi1001\gurobi.lic

Gurobi 10.0.1 (win64, gurobi_cl) logging started Thu Aug  1 15:06:38 2024

Set parameter Username
Set parameter LogFile to value "gurobi.log"
Academic license - for non-commercial use only - expires 2025-06-10
Using license file C:\gurobi1001\gurobi.lic

Gurobi 10.0.1 (win64, gurobi_cl) logging started Thu Aug  1 15:09:17 2024

Set parameter Username
Set parameter LogFile to value "gurobi.log"
Academic license - for non-commercial use only - expires 2025-06-10
Using license file C:\gurobi1001\gurobi.lic

Gurobi 10.0.1 (win64, gurobi_cl) logging started Thu Aug  1 15:33:07 2024

Set parameter Username
Set parameter LogFile to value "gurobi.log"
Academic license - for non-commercial use only - expires 2025-06-10
Using license file C:\gurobi1001\gurobi.lic

Gurobi 10.0.1 (win64, gurobi_cl) logging started Thu Aug  1 15:45:06 2024

Set parameter Username
Set parameter LogFile to value "gurobi.log"
Academic license - for non-commercial use only - expires 2025-06-10
Using license file C:\gurobi1001\gurobi.lic

Gurobi 10.0.1 (win64, gurobi_cl) logging started Thu Aug  1 15:45:50 2024

Set parameter Username
Set parameter LogFile to value "gurobi.log"
Academic license - for non-commercial use only - expires 2025-06-10
Using license file C:\gurobi1001\gurobi.lic

Gurobi 10.0.1 (win64, gurobi_cl) logging started Thu Aug  1 15:49:17 2024

Set parameter Username
Set parameter LogFile to value "gurobi.log"
Academic license - for non-commercial use only - expires 2025-06-10
Using license file C:\gurobi1001\gurobi.lic

Gurobi 10.0.1 (win64, gurobi_cl) logging started Thu Aug  1 15:51:14 2024

Set parameter Username
Set parameter LogFile to value "gurobi.log"
Academic license - for non-commercial use only - expires 2025-06-10
Using license file C:\gurobi1001\gurobi.lic

Gurobi 10.0.1 (win64, gurobi_cl) logging started Thu Aug  1 16:03:18 2024

Set parameter Username
Set parameter LogFile to value "gurobi.log"
Academic license - for non-commercial use only - expires 2025-06-10
Using license file C:\gurobi1001\gurobi.lic

Gurobi 10.0.1 (win64, gurobi_cl) logging started Thu Aug  1 16:04:22 2024

Set parameter Username
Set parameter LogFile to value "gurobi.log"
Academic license - for non-commercial use only - expires 2025-06-10
Using license file C:\gurobi1001\gurobi.lic

Gurobi 10.0.1 (win64, gurobi_cl) logging started Thu Aug  1 16:05:11 2024

Set parameter Username
Set parameter LogFile to value "gurobi.log"
Academic license - for non-commercial use only - expires 2025-06-10
Using license file C:\gurobi1001\gurobi.lic

Gurobi 10.0.1 (win64, gurobi_cl) logging started Thu Aug  1 16:11:51 2024

Set parameter Username
Set parameter LogFile to value "gurobi.log"
Academic license - for non-commercial use only - expires 2025-06-10
Using license file C:\gurobi1001\gurobi.lic

Gurobi 10.0.1 (win64, gurobi_cl) logging started Thu Aug  1 16:19:58 2024

Set parameter Username
Set parameter LogFile to value "gurobi.log"
Academic license - for non-commercial use only - expires 2025-06-10
Using license file C:\gurobi1001\gurobi.lic

Gurobi 10.0.1 (win64, gurobi_cl) logging started Thu Aug  1 16:23:00 2024

Set parameter Username
Set parameter LogFile to value "gurobi.log"
Academic license - for non-commercial use only - expires 2025-06-10
Using license file C:\gurobi1001\gurobi.lic

Gurobi 10.0.1 (win64, gurobi_cl) logging started Thu Aug  1 16:31:13 2024

Set parameter Username
Set parameter LogFile to value "gurobi.log"
Academic license - for non-commercial use only - expires 2025-06-10
Using license file C:\gurobi1001\gurobi.lic

Gurobi 10.0.1 (win64, gurobi_cl) logging started Thu Aug  1 16:35:06 2024

Set parameter Username
Set parameter LogFile to value "gurobi.log"
Academic license - for non-commercial use only - expires 2025-06-10
Using license file C:\gurobi1001\gurobi.lic

Gurobi 10.0.1 (win64, gurobi_cl) logging started Thu Aug  1 16:36:51 2024

Set parameter Username
Set parameter LogFile to value "gurobi.log"
Academic license - for non-commercial use only - expires 2025-06-10
Using license file C:\gurobi1001\gurobi.lic

Gurobi 10.0.1 (win64, gurobi_cl) logging started Thu Aug  1 16:40:38 2024

Set parameter Username
Set parameter LogFile to value "gurobi.log"
Academic license - for non-commercial use only - expires 2025-06-10
Using license file C:\gurobi1001\gurobi.lic

Gurobi 10.0.1 (win64, gurobi_cl) logging started Thu Aug  1 16:44:00 2024

Set parameter Username
Set parameter LogFile to value "gurobi.log"
Academic license - for non-commercial use only - expires 2025-06-10
Using license file C:\gurobi1001\gurobi.lic

Gurobi 10.0.1 (win64, gurobi_cl) logging started Thu Aug  1 16:48:35 2024

Set parameter Username
Set parameter LogFile to value "gurobi.log"
Academic license - for non-commercial use only - expires 2025-06-10
Using license file C:\gurobi1001\gurobi.lic

Gurobi 10.0.1 (win64, gurobi_cl) logging started Thu Aug  1 16:56:58 2024

Set parameter Username
Set parameter LogFile to value "gurobi.log"
Academic license - for non-commercial use only - expires 2025-06-10
Using license file C:\gurobi1001\gurobi.lic

Gurobi 10.0.1 (win64, gurobi_cl) logging started Thu Aug  1 16:57:34 2024

Set parameter Username
Set parameter LogFile to value "gurobi.log"
Academic license - for non-commercial use only - expires 2025-06-10
Using license file C:\gurobi1001\gurobi.lic

Gurobi 10.0.1 (win64, gurobi_cl) logging started Thu Aug  1 16:58:26 2024

Set parameter Username
Set parameter LogFile to value "gurobi.log"
Academic license - for non-commercial use only - expires 2025-06-10
Using license file C:\gurobi1001\gurobi.lic

Gurobi 10.0.1 (win64, gurobi_cl) logging started Thu Aug  1 16:58:38 2024

Set parameter Username
Set parameter LogFile to value "gurobi.log"
Academic license - for non-commercial use only - expires 2025-06-10
Using license file C:\gurobi1001\gurobi.lic

Gurobi 10.0.1 (win64, gurobi_cl) logging started Thu Aug  1 16:59:11 2024

Set parameter Username
Set parameter LogFile to value "gurobi.log"
Academic license - for non-commercial use only - expires 2025-06-10
Using license file C:\gurobi1001\gurobi.lic

Gurobi 10.0.1 (win64, gurobi_cl) logging started Thu Aug  1 16:59:32 2024

Set parameter Username
Set parameter LogFile to value "gurobi.log"
Academic license - for non-commercial use only - expires 2025-06-10
Using license file C:\gurobi1001\gurobi.lic

Gurobi 10.0.1 (win64, gurobi_cl) logging started Thu Aug  1 17:02:05 2024

Set parameter Username
Set parameter LogFile to value "gurobi.log"
Academic license - for non-commercial use only - expires 2025-06-10
Using license file C:\gurobi1001\gurobi.lic

Gurobi 10.0.1 (win64, gurobi_cl) logging started Thu Aug  1 17:03:11 2024

Set parameter Username
Set parameter LogFile to value "gurobi.log"
Academic license - for non-commercial use only - expires 2025-06-10
Using license file C:\gurobi1001\gurobi.lic

Gurobi 10.0.1 (win64, gurobi_cl) logging started Thu Aug  1 17:03:43 2024

Set parameter Username
Set parameter LogFile to value "gurobi.log"
Academic license - for non-commercial use only - expires 2025-06-10
Using license file C:\gurobi1001\gurobi.lic

Gurobi 10.0.1 (win64, gurobi_cl) logging started Thu Aug  1 17:03:49 2024

Set parameter Username
Set parameter LogFile to value "gurobi.log"
Academic license - for non-commercial use only - expires 2025-06-10
Using license file C:\gurobi1001\gurobi.lic

Gurobi 10.0.1 (win64, gurobi_cl) logging started Thu Aug  1 17:04:00 2024

Set parameter Username
Set parameter LogFile to value "gurobi.log"
Academic license - for non-commercial use only - expires 2025-06-10
Using license file C:\gurobi1001\gurobi.lic

Gurobi 10.0.1 (win64, gurobi_cl) logging started Thu Aug  1 17:04:08 2024

Set parameter Username
Set parameter LogFile to value "gurobi.log"
Academic license - for non-commercial use only - expires 2025-06-10
Using license file C:\gurobi1001\gurobi.lic

Gurobi 10.0.1 (win64, gurobi_cl) logging started Thu Aug  1 17:09:41 2024

Set parameter Username
Set parameter LogFile to value "gurobi.log"
Academic license - for non-commercial use only - expires 2025-06-10
Using license file C:\gurobi1001\gurobi.lic

Gurobi 10.0.1 (win64, gurobi_cl) logging started Thu Aug  1 17:10:34 2024

Set parameter Username
Set parameter LogFile to value "gurobi.log"
Academic license - for non-commercial use only - expires 2025-06-10
Using license file C:\gurobi1001\gurobi.lic

Gurobi 10.0.1 (win64, gurobi_cl) logging started Thu Aug  1 19:37:25 2024

Set parameter Username
Set parameter LogFile to value "gurobi.log"
Academic license - for non-commercial use only - expires 2025-06-10
Using license file C:\gurobi1001\gurobi.lic

Gurobi 10.0.1 (win64, gurobi_cl) logging started Thu Aug  1 19:38:35 2024

Set parameter Username
Set parameter LogFile to value "gurobi.log"
Academic license - for non-commercial use only - expires 2025-06-10
Using license file C:\gurobi1001\gurobi.lic

Gurobi 10.0.1 (win64, gurobi_cl) logging started Thu Aug  1 19:56:18 2024

Set parameter Username
Set parameter LogFile to value "gurobi.log"
Academic license - for non-commercial use only - expires 2025-06-10
Using license file C:\gurobi1001\gurobi.lic

Gurobi 10.0.1 (win64, gurobi_cl) logging started Thu Aug  1 20:16:16 2024

Set parameter Username
Set parameter LogFile to value "gurobi.log"
Academic license - for non-commercial use only - expires 2025-06-10
Using license file C:\gurobi1001\gurobi.lic

Gurobi 10.0.1 (win64, gurobi_cl) logging started Thu Aug  1 20:18:13 2024

Set parameter Username
Set parameter LogFile to value "gurobi.log"
Academic license - for non-commercial use only - expires 2025-06-10
Using license file C:\gurobi1001\gurobi.lic

Gurobi 10.0.1 (win64, gurobi_cl) logging started Fri Aug  2 13:37:53 2024

Set parameter Username
Set parameter LogFile to value "gurobi.log"
Academic license - for non-commercial use only - expires 2025-06-10
Using license file C:\gurobi1001\gurobi.lic

Gurobi 10.0.1 (win64, gurobi_cl) logging started Fri Aug  2 13:38:30 2024

Set parameter Username
Set parameter LogFile to value "gurobi.log"
Academic license - for non-commercial use only - expires 2025-06-10
Using license file C:\gurobi1001\gurobi.lic

Gurobi 10.0.1 (win64, gurobi_cl) logging started Mon Aug  5 14:16:35 2024

Set parameter Username
Set parameter LogFile to value "gurobi.log"
Academic license - for non-commercial use only - expires 2025-06-10
Using license file C:\gurobi1001\gurobi.lic

Gurobi 10.0.1 (win64, gurobi_cl) logging started Mon Aug  5 14:16:55 2024

Set parameter Username
Set parameter LogFile to value "gurobi.log"
Academic license - for non-commercial use only - expires 2025-06-10
Using license file C:\gurobi1001\gurobi.lic

Gurobi 10.0.1 (win64, gurobi_cl) logging started Tue Aug  6 10:56:49 2024

Set parameter Username
Set parameter LogFile to value "gurobi.log"
Academic license - for non-commercial use only - expires 2025-06-10
Using license file C:\gurobi1001\gurobi.lic

Gurobi 10.0.1 (win64, gurobi_cl) logging started Tue Aug  6 15:34:33 2024

Set parameter Username
Set parameter LogFile to value "gurobi.log"
Academic license - for non-commercial use only - expires 2025-06-10
Using license file C:\gurobi1001\gurobi.lic

Gurobi 10.0.1 (win64, gurobi_cl) logging started Tue Aug  6 15:35:59 2024

Set parameter Username
Set parameter LogFile to value "gurobi.log"
Academic license - for non-commercial use only - expires 2025-06-10
Using license file C:\gurobi1001\gurobi.lic

Gurobi 10.0.1 (win64, gurobi_cl) logging started Tue Aug  6 15:38:08 2024

Set parameter Username
Set parameter LogFile to value "gurobi.log"
Academic license - for non-commercial use only - expires 2025-06-10
Using license file C:\gurobi1001\gurobi.lic

Gurobi 10.0.1 (win64, gurobi_cl) logging started Tue Aug  6 15:38:19 2024

Set parameter Username
Set parameter LogFile to value "gurobi.log"
Academic license - for non-commercial use only - expires 2025-06-10
Using license file C:\gurobi1001\gurobi.lic

Gurobi 10.0.1 (win64, gurobi_cl) logging started Tue Aug  6 17:43:34 2024

Set parameter Username
Set parameter LogFile to value "gurobi.log"
Academic license - for non-commercial use only - expires 2025-06-10
Using license file C:\gurobi1001\gurobi.lic

Gurobi 10.0.1 (win64, gurobi_cl) logging started Tue Aug  6 17:45:45 2024

Set parameter Username
Set parameter LogFile to value "gurobi.log"
Academic license - for non-commercial use only - expires 2025-06-10
Using license file C:\gurobi1001\gurobi.lic

Gurobi 10.0.1 (win64, gurobi_cl) logging started Thu Aug  8 14:19:21 2024

Set parameter Username
Set parameter LogFile to value "gurobi.log"
Academic license - for non-commercial use only - expires 2025-06-10
Using license file C:\gurobi1001\gurobi.lic

Gurobi 10.0.1 (win64, gurobi_cl) logging started Thu Aug  8 14:20:51 2024

Set parameter Username
Set parameter LogFile to value "gurobi.log"
Academic license - for non-commercial use only - expires 2025-06-10
Using license file C:\gurobi1001\gurobi.lic

Gurobi 10.0.1 (win64, gurobi_cl) logging started Thu Aug  8 14:21:12 2024

Set parameter Username
Set parameter LogFile to value "gurobi.log"
Academic license - for non-commercial use only - expires 2025-06-10
Using license file C:\gurobi1001\gurobi.lic

Gurobi 10.0.1 (win64, gurobi_cl) logging started Thu Aug  8 14:21:18 2024

Set parameter Username
Set parameter LogFile to value "gurobi.log"
Academic license - for non-commercial use only - expires 2025-06-10
Using license file C:\gurobi1001\gurobi.lic

Gurobi 10.0.1 (win64, gurobi_cl) logging started Thu Aug  8 14:27:58 2024

Set parameter Username
Set parameter LogFile to value "gurobi.log"
Academic license - for non-commercial use only - expires 2025-06-10
Using license file C:\gurobi1001\gurobi.lic

Gurobi 10.0.1 (win64, gurobi_cl) logging started Thu Aug  8 14:28:14 2024

Set parameter Username
Set parameter LogFile to value "gurobi.log"
Academic license - for non-commercial use only - expires 2025-06-10
Using license file C:\gurobi1001\gurobi.lic

Gurobi 10.0.1 (win64, gurobi_cl) logging started Thu Aug  8 14:35:54 2024

Set parameter Username
Set parameter LogFile to value "gurobi.log"
Academic license - for non-commercial use only - expires 2025-06-10
Using license file C:\gurobi1001\gurobi.lic

Gurobi 10.0.1 (win64, gurobi_cl) logging started Thu Aug  8 14:36:13 2024

Set parameter Username
Set parameter LogFile to value "gurobi.log"
Academic license - for non-commercial use only - expires 2025-06-10
Using license file C:\gurobi1001\gurobi.lic

Gurobi 10.0.1 (win64, gurobi_cl) logging started Thu Aug  8 14:53:29 2024

Set parameter Username
Set parameter LogFile to value "gurobi.log"
Academic license - for non-commercial use only - expires 2025-06-10
Using license file C:\gurobi1001\gurobi.lic

Gurobi 10.0.1 (win64, gurobi_cl) logging started Thu Aug  8 19:12:38 2024

Set parameter Username
Set parameter LogFile to value "gurobi.log"
Academic license - for non-commercial use only - expires 2025-06-10
Using license file C:\gurobi1001\gurobi.lic

Gurobi 10.0.1 (win64, gurobi_cl) logging started Thu Aug  8 19:12:51 2024

Set parameter Username
Set parameter LogFile to value "gurobi.log"
Academic license - for non-commercial use only - expires 2025-06-10
Using license file C:\gurobi1001\gurobi.lic

Gurobi 10.0.1 (win64, gurobi_cl) logging started Thu Aug  8 19:13:14 2024

Set parameter Username
Set parameter LogFile to value "gurobi.log"
Academic license - for non-commercial use only - expires 2025-06-10
Using license file C:\gurobi1001\gurobi.lic

Gurobi 10.0.1 (win64, gurobi_cl) logging started Thu Aug  8 19:13:32 2024

Set parameter Username
Set parameter LogFile to value "gurobi.log"
Academic license - for non-commercial use only - expires 2025-06-10
Using license file C:\gurobi1001\gurobi.lic

Gurobi 10.0.1 (win64, gurobi_cl) logging started Thu Aug  8 19:13:52 2024

Set parameter Username
Set parameter LogFile to value "gurobi.log"
Academic license - for non-commercial use only - expires 2025-06-10
Using license file C:\gurobi1001\gurobi.lic

Gurobi 10.0.1 (win64, gurobi_cl) logging started Thu Aug  8 19:14:03 2024

Set parameter Username
Set parameter LogFile to value "gurobi.log"
Academic license - for non-commercial use only - expires 2025-06-10
Using license file C:\gurobi1001\gurobi.lic

Gurobi 10.0.1 (win64, gurobi_cl) logging started Thu Aug  8 19:15:03 2024

Set parameter Username
Set parameter LogFile to value "gurobi.log"
Academic license - for non-commercial use only - expires 2025-06-10
Using license file C:\gurobi1001\gurobi.lic

Gurobi 10.0.1 (win64, gurobi_cl) logging started Thu Aug  8 19:26:17 2024

Set parameter Username
Set parameter LogFile to value "gurobi.log"
Academic license - for non-commercial use only - expires 2025-06-10
Using license file C:\gurobi1001\gurobi.lic

Gurobi 10.0.1 (win64, gurobi_cl) logging started Thu Aug  8 19:27:20 2024

Set parameter Username
Set parameter LogFile to value "gurobi.log"
Academic license - for non-commercial use only - expires 2025-06-10
Using license file C:\gurobi1001\gurobi.lic

Gurobi 10.0.1 (win64, gurobi_cl) logging started Thu Aug  8 19:27:30 2024

Set parameter Username
Set parameter LogFile to value "gurobi.log"
Academic license - for non-commercial use only - expires 2025-06-10
Using license file C:\gurobi1001\gurobi.lic

Gurobi 10.0.1 (win64, gurobi_cl) logging started Thu Aug  8 19:28:24 2024

Set parameter Username
Set parameter LogFile to value "gurobi.log"
Academic license - for non-commercial use only - expires 2025-06-10
Using license file C:\gurobi1001\gurobi.lic

Gurobi 10.0.1 (win64, gurobi_cl) logging started Thu Aug  8 19:34:14 2024

Set parameter Username
Set parameter LogFile to value "gurobi.log"
Academic license - for non-commercial use only - expires 2025-06-10
Using license file C:\gurobi1001\gurobi.lic

Gurobi 10.0.1 (win64, gurobi_cl) logging started Thu Aug  8 19:36:01 2024

Set parameter Username
Set parameter LogFile to value "gurobi.log"
Academic license - for non-commercial use only - expires 2025-06-10
Using license file C:\gurobi1001\gurobi.lic

Gurobi 10.0.1 (win64, gurobi_cl) logging started Thu Aug  8 20:22:35 2024

Set parameter Username
Set parameter LogFile to value "gurobi.log"
Academic license - for non-commercial use only - expires 2025-06-10
Using license file C:\gurobi1001\gurobi.lic

Gurobi 10.0.1 (win64, gurobi_cl) logging started Fri Aug  9 23:05:58 2024

Set parameter Username
Set parameter LogFile to value "gurobi.log"
Academic license - for non-commercial use only - expires 2025-06-10
Using license file C:\gurobi1001\gurobi.lic

Gurobi 10.0.1 (win64, gurobi_cl) logging started Mon Aug 19 08:44:49 2024

Set parameter Username
Set parameter LogFile to value "gurobi.log"
Academic license - for non-commercial use only - expires 2025-06-10
Using license file C:\gurobi1001\gurobi.lic

Gurobi 10.0.1 (win64, gurobi_cl) logging started Mon Aug 19 08:46:14 2024

Set parameter Username
Set parameter LogFile to value "gurobi.log"
Academic license - for non-commercial use only - expires 2025-06-10
Using license file C:\gurobi1001\gurobi.lic

Gurobi 10.0.1 (win64, gurobi_cl) logging started Mon Aug 19 08:47:23 2024

Set parameter Username
Set parameter LogFile to value "gurobi.log"
Academic license - for non-commercial use only - expires 2025-06-10
Using license file C:\gurobi1001\gurobi.lic

Gurobi 10.0.1 (win64, gurobi_cl) logging started Mon Aug 19 08:50:06 2024

Set parameter Username
Set parameter LogFile to value "gurobi.log"
Academic license - for non-commercial use only - expires 2025-06-10
Using license file C:\gurobi1001\gurobi.lic

Gurobi 10.0.1 (win64, gurobi_cl) logging started Mon Aug 19 08:50:53 2024

Set parameter Username
Set parameter LogFile to value "gurobi.log"
Academic license - for non-commercial use only - expires 2025-06-10
Using license file C:\gurobi1001\gurobi.lic

Gurobi 10.0.1 (win64, gurobi_cl) logging started Tue Aug 20 00:18:42 2024

Set parameter Username
Set parameter LogFile to value "gurobi.log"
Academic license - for non-commercial use only - expires 2025-06-10
Using license file C:\gurobi1001\gurobi.lic

Gurobi 10.0.1 (win64, gurobi_cl) logging started Tue Aug 20 00:20:22 2024

Set parameter Username
Set parameter LogFile to value "gurobi.log"
Academic license - for non-commercial use only - expires 2025-06-10
Using license file C:\gurobi1001\gurobi.lic

Gurobi 10.0.1 (win64, gurobi_cl) logging started Tue Aug 20 00:22:39 2024

Set parameter Username
Set parameter LogFile to value "gurobi.log"
Academic license - for non-commercial use only - expires 2025-06-10
Using license file C:\gurobi1001\gurobi.lic

Gurobi 10.0.1 (win64, gurobi_cl) logging started Tue Aug 20 00:24:00 2024

Set parameter Username
Set parameter LogFile to value "gurobi.log"
Academic license - for non-commercial use only - expires 2025-06-10
Using license file C:\gurobi1001\gurobi.lic

Gurobi 10.0.1 (win64, gurobi_cl) logging started Tue Aug 20 00:26:26 2024

Set parameter Username
Set parameter LogFile to value "gurobi.log"
Academic license - for non-commercial use only - expires 2025-06-10
Using license file C:\gurobi1001\gurobi.lic

Gurobi 10.0.1 (win64, gurobi_cl) logging started Tue Aug 20 00:32:22 2024

Set parameter Username
Set parameter LogFile to value "gurobi.log"
Academic license - for non-commercial use only - expires 2025-06-10
Using license file C:\gurobi1001\gurobi.lic

Gurobi 10.0.1 (win64, gurobi_cl) logging started Tue Aug 20 10:42:30 2024

Set parameter Username
Set parameter LogFile to value "gurobi.log"
Academic license - for non-commercial use only - expires 2025-06-10
Using license file C:\gurobi1001\gurobi.lic

Gurobi 10.0.1 (win64, gurobi_cl) logging started Tue Aug 20 10:42:48 2024

Set parameter Username
Set parameter LogFile to value "gurobi.log"
Academic license - for non-commercial use only - expires 2025-06-10
Using license file C:\gurobi1001\gurobi.lic

Gurobi 10.0.1 (win64, gurobi_cl) logging started Tue Aug 20 10:44:36 2024

Set parameter Username
Set parameter LogFile to value "gurobi.log"
Academic license - for non-commercial use only - expires 2025-06-10
Using license file C:\gurobi1001\gurobi.lic
